<?xml version="1.0" encoding="UTF-8"?>
<testng-results ignored="0" total="1" passed="1" failed="0" skipped="0">
  <reporter-output>
  </reporter-output>
  <suite started-at="2024-04-27T09:43:55 IST" name="Default suite" finished-at="2024-04-27T09:44:24 IST" duration-ms="28579">
    <groups>
    </groups>
    <test started-at="2024-04-27T09:43:55 IST" name="Default test" finished-at="2024-04-27T09:44:24 IST" duration-ms="28579">
      <class name="Actual.vtiger.TC.CreateContactsTest">
        <test-method is-config="true" signature="bsconfig()[pri:0, instance:Actual.vtiger.TC.CreateContactsTest@54a7079e]" started-at="2024-04-27T09:43:55 IST" name="bsconfig" finished-at="2024-04-27T09:43:55 IST" duration-ms="11" status="PASS">
          <reporter-output>
          </reporter-output>
        </test-method> <!-- bsconfig -->
        <test-method is-config="true" signature="bcconfig()[pri:0, instance:Actual.vtiger.TC.CreateContactsTest@54a7079e]" started-at="2024-04-27T09:43:55 IST" name="bcconfig" finished-at="2024-04-27T09:44:01 IST" duration-ms="5382" status="PASS">
          <reporter-output>
          </reporter-output>
        </test-method> <!-- bcconfig -->
        <test-method is-config="true" signature="bmconfig()[pri:0, instance:Actual.vtiger.TC.CreateContactsTest@54a7079e]" started-at="2024-04-27T09:44:01 IST" name="bmconfig" finished-at="2024-04-27T09:44:05 IST" duration-ms="4525" status="PASS">
          <reporter-output>
          </reporter-output>
        </test-method> <!-- bmconfig -->
        <test-method signature="CreateContacts()[pri:0, instance:Actual.vtiger.TC.CreateContactsTest@54a7079e]" started-at="2024-04-27T09:44:05 IST" name="CreateContacts" finished-at="2024-04-27T09:44:20 IST" duration-ms="14914" status="PASS">
          <reporter-output>
          </reporter-output>
        </test-method> <!-- CreateContacts -->
        <test-method is-config="true" signature="amconfig()[pri:0, instance:Actual.vtiger.TC.CreateContactsTest@54a7079e]" started-at="2024-04-27T09:44:20 IST" name="amconfig" finished-at="2024-04-27T09:44:22 IST" duration-ms="2143" status="PASS">
          <reporter-output>
          </reporter-output>
        </test-method> <!-- amconfig -->
        <test-method is-config="true" signature="tearDown()[pri:0, instance:Actual.vtiger.TC.CreateContactsTest@54a7079e]" started-at="2024-04-27T09:44:22 IST" name="tearDown" finished-at="2024-04-27T09:44:24 IST" duration-ms="1550" status="PASS">
          <reporter-output>
          </reporter-output>
        </test-method> <!-- tearDown -->
        <test-method is-config="true" signature="asconfig()[pri:0, instance:Actual.vtiger.TC.CreateContactsTest@54a7079e]" started-at="2024-04-27T09:44:24 IST" name="asconfig" finished-at="2024-04-27T09:44:24 IST" duration-ms="0" status="PASS">
          <reporter-output>
          </reporter-output>
        </test-method> <!-- asconfig -->
      </class> <!-- Actual.vtiger.TC.CreateContactsTest -->
    </test> <!-- Default test -->
  </suite> <!-- Default suite -->
</testng-results>
